[0m2021.07.18 19:10:17 INFO  Started: Metals version 0.10.5 in workspace 'C:\Users\yohan nayanjith\Desktop\CS-2020\2021_2nd_year_1st_sem\SCS2208-Rapid Application Development\Assignments\Recursive\question4' for client Visual Studio Code 1.58.1.[0m
[0m2021.07.18 19:10:22 INFO  time: initialize in 5.57s[0m
[0m2021.07.18 19:10:25 WARN  Build server is not auto-connectable.[0m
[0m2021.07.18 19:13:03 WARN  no build target for: C:\Users\yohan nayanjith\Desktop\CS-2020\2021_2nd_year_1st_sem\SCS2208-Rapid Application Development\Assignments\Recursive\question4\src\main\scala\Main.scala[0m
[0m2021.07.18 19:13:13 INFO  no build target: using presentation compiler with only scala-library: 2.12.14[0m
Jul 18, 2021 7:13:13 PM org.eclipse.lsp4j.jsonrpc.RemoteEndpoint handleCancellation
WARNING: Unmatched cancel notification for request id 11
Jul 18, 2021 7:13:14 PM org.eclipse.lsp4j.jsonrpc.RemoteEndpoint handleCancellation
WARNING: Unmatched cancel notification for request id 22
Jul 18, 2021 7:13:14 PM org.eclipse.lsp4j.jsonrpc.RemoteEndpoint handleCancellation
WARNING: Unmatched cancel notification for request id 23
Jul 18, 2021 7:13:14 PM org.eclipse.lsp4j.jsonrpc.RemoteEndpoint fallbackResponseError
SEVERE: Internal error: java.lang.IllegalArgumentException: 4 is not a valid line number, allowed [0..2]
java.util.concurrent.CompletionException: java.lang.IllegalArgumentException: 4 is not a valid line number, allowed [0..2]
	at java.base/java.util.concurrent.CompletableFuture.encodeThrowable(CompletableFuture.java:331)
	at java.base/java.util.concurrent.CompletableFuture.completeThrowable(CompletableFuture.java:346)
	at java.base/java.util.concurrent.CompletableFuture$UniAccept.tryFire(CompletableFuture.java:704)
	at java.base/java.util.concurrent.CompletableFuture.postComplete(CompletableFuture.java:506)
	at java.base/java.util.concurrent.CompletableFuture.completeExceptionally(CompletableFuture.java:2088)
	at scala.meta.internal.metals.CancelTokens$.$anonfun$future$1(CancelTokens.scala:40)
	at scala.meta.internal.metals.CancelTokens$.$anonfun$future$1$adapted(CancelTokens.scala:38)
	at scala.concurrent.impl.CallbackRunnable.run(Promise.scala:64)
	at java.base/java.util.concurrent.ThreadPoolExecutor.runWorker(ThreadPoolExecutor.java:1128)
	at java.base/java.util.concurrent.ThreadPoolExecutor$Worker.run(ThreadPoolExecutor.java:628)
	at java.base/java.lang.Thread.run(Thread.java:829)
Caused by: java.lang.IllegalArgumentException: 4 is not a valid line number, allowed [0..2]
	at scala.meta.internal.inputs.InternalInput.lineToOffset(InternalInput.scala:37)
	at scala.meta.internal.inputs.InternalInput.lineToOffset$(InternalInput.scala:32)
	at scala.meta.inputs.Input$VirtualFile.lineToOffset(Input.scala:80)
	at scala.meta.inputs.Position$Range$.apply(Position.scala:59)
	at scala.meta.internal.mtags.MtagsEnrichments$XtensionPositionLspInverse.toMeta(MtagsEnrichments.scala:121)
	at scala.meta.internal.parsing.Trees.$anonfun$findLastEnclosingAt$5(Trees.scala:71)
	at scala.Option.flatMap(Option.scala:271)
	at scala.meta.internal.parsing.Trees.findLastEnclosingAt(Trees.scala:70)
	at scala.meta.internal.metals.codeactions.InsertInferredType.$anonfun$contribute$1(InsertInferredType.scala:70)
	at scala.concurrent.Future$.$anonfun$apply$1(Future.scala:659)
	at scala.util.Success.$anonfun$map$1(Try.scala:255)
	at scala.util.Success.map(Try.scala:213)
	at scala.concurrent.Future.$anonfun$map$1(Future.scala:292)
	at scala.concurrent.impl.Promise.liftedTree1$1(Promise.scala:33)
	at scala.concurrent.impl.Promise.$anonfun$transform$1(Promise.scala:33)
	... 4 more

Jul 18, 2021 7:13:14 PM org.eclipse.lsp4j.jsonrpc.RemoteEndpoint fallbackResponseError
SEVERE: Internal error: java.lang.IllegalArgumentException: 3 is not a valid line number, allowed [0..2]
java.util.concurrent.CompletionException: java.lang.IllegalArgumentException: 3 is not a valid line number, allowed [0..2]
	at java.base/java.util.concurrent.CompletableFuture.encodeThrowable(CompletableFuture.java:331)
	at java.base/java.util.concurrent.CompletableFuture.completeThrowable(CompletableFuture.java:346)
	at java.base/java.util.concurrent.CompletableFuture$UniAccept.tryFire(CompletableFuture.java:704)
	at java.base/java.util.concurrent.CompletableFuture.postComplete(CompletableFuture.java:506)
	at java.base/java.util.concurrent.CompletableFuture.completeExceptionally(CompletableFuture.java:2088)
	at scala.meta.internal.metals.CancelTokens$.$anonfun$future$1(CancelTokens.scala:40)
	at scala.meta.internal.metals.CancelTokens$.$anonfun$future$1$adapted(CancelTokens.scala:38)
	at scala.concurrent.impl.CallbackRunnable.run(Promise.scala:64)
	at java.base/java.util.concurrent.ThreadPoolExecutor.runWorker(ThreadPoolExecutor.java:1128)
	at java.base/java.util.concurrent.ThreadPoolExecutor$Worker.run(ThreadPoolExecutor.java:628)
	at java.base/java.lang.Thread.run(Thread.java:829)
Caused by: java.lang.IllegalArgumentException: 3 is not a valid line number, allowed [0..2]
	at scala.meta.internal.inputs.InternalInput.lineToOffset(InternalInput.scala:37)
	at scala.meta.internal.inputs.InternalInput.lineToOffset$(InternalInput.scala:32)
	at scala.meta.inputs.Input$VirtualFile.lineToOffset(Input.scala:80)
	at scala.meta.inputs.Position$Range$.lineLength$1(Position.scala:57)
	at scala.meta.inputs.Position$Range$.apply(Position.scala:60)
	at scala.meta.internal.mtags.MtagsEnrichments$XtensionPositionLspInverse.toMeta(MtagsEnrichments.scala:121)
	at scala.meta.internal.parsing.Trees.$anonfun$findLastEnclosingAt$5(Trees.scala:71)
	at scala.Option.flatMap(Option.scala:271)
	at scala.meta.internal.parsing.Trees.findLastEnclosingAt(Trees.scala:70)
	at scala.meta.internal.metals.codeactions.InsertInferredType.$anonfun$contribute$1(InsertInferredType.scala:70)
	at scala.concurrent.Future$.$anonfun$apply$1(Future.scala:659)
	at scala.util.Success.$anonfun$map$1(Try.scala:255)
	at scala.util.Success.map(Try.scala:213)
	at scala.concurrent.Future.$anonfun$map$1(Future.scala:292)
	at scala.concurrent.impl.Promise.liftedTree1$1(Promise.scala:33)
	at scala.concurrent.impl.Promise.$anonfun$transform$1(Promise.scala:33)
	... 4 more

[0m2021.07.18 19:13:19 INFO  time: code lens generation in 1.01s[0m
[0m2021.07.18 19:13:19 INFO  time: code lens generation in 1.21s[0m
[0m2021.07.18 19:13:19 INFO  time: code lens generation in 1.37s[0m
[0m2021.07.18 19:13:19 INFO  time: code lens generation in 1.75s[0m
[0m2021.07.18 19:13:19 INFO  time: code lens generation in 1.79s[0m
[0m2021.07.18 19:13:19 INFO  time: code lens generation in 2.41s[0m
[0m2021.07.18 19:13:19 INFO  time: code lens generation in 2.45s[0m
[0m2021.07.18 19:13:19 INFO  time: code lens generation in 3.88s[0m
[0m2021.07.18 19:13:19 INFO  time: code lens generation in 3.89s[0m
[0m2021.07.18 19:13:20 INFO  time: code lens generation in 5.3s[0m
[0m2021.07.18 19:13:20 INFO  time: code lens generation in 5.31s[0m
[0m2021.07.18 19:13:20 INFO  time: code lens generation in 5.88s[0m
[0m2021.07.18 19:13:20 INFO  time: code lens generation in 5.93s[0m
[0m2021.07.18 19:13:20 INFO  time: code lens generation in 6.11s[0m
[0m2021.07.18 19:13:20 INFO  time: code lens generation in 6.22s[0m
[0m2021.07.18 19:13:20 INFO  time: code lens generation in 6.28s[0m
[0m2021.07.18 19:13:20 INFO  time: code lens generation in 6.3s[0m
[0m2021.07.18 19:13:20 INFO  time: code lens generation in 6.34s[0m
[0m2021.07.18 19:13:20 INFO  time: code lens generation in 6.38s[0m
[0m2021.07.18 19:13:20 INFO  time: code lens generation in 15s[0m
[0m2021.07.18 19:13:20 INFO  time: code lens generation in 15s[0m
[0m2021.07.18 19:13:20 INFO  time: code lens generation in 15s[0m
[0m2021.07.18 19:13:20 INFO  time: code lens generation in 16s[0m
[0m2021.07.18 19:14:33 WARN  no build target for: C:\Users\yohan nayanjith\Desktop\CS-2020\2021_2nd_year_1st_sem\SCS2208-Rapid Application Development\Assignments\Recursive\question4\src\main\scala\Main.scala[0m
[0m2021.07.18 19:15:36 WARN  no build target for: C:\Users\yohan nayanjith\Desktop\CS-2020\2021_2nd_year_1st_sem\SCS2208-Rapid Application Development\Assignments\Recursive\question4\src\main\scala\Main.scala[0m
[0m2021.07.18 19:17:34 INFO  shutting down Metals[0m
