[0m2021.07.18 17:45:56 INFO  Started: Metals version 0.10.5 in workspace 'C:\Users\yohan nayanjith\Desktop\CS-2020\2021_2nd_year_1st_sem\SCS2208-Rapid Application Development\Assignments\Recursive\question2' for client Visual Studio Code 1.58.1.[0m
[0m2021.07.18 17:46:01 INFO  time: initialize in 5.25s[0m
[0m2021.07.18 17:46:06 WARN  Build server is not auto-connectable.[0m
[0m2021.07.18 17:46:06 WARN  no build target for: C:\Users\yohan nayanjith\Desktop\CS-2020\2021_2nd_year_1st_sem\SCS2208-Rapid Application Development\Assignments\Recursive\question2\src\main\scala\Main.scala[0m
[0m2021.07.18 17:46:08 WARN  no build target for: C:\Users\yohan nayanjith\Desktop\CS-2020\2021_2nd_year_1st_sem\SCS2208-Rapid Application Development\Assignments\Recursive\question2\src\main\scala\Main.scala[0m
[0m2021.07.18 17:46:17 INFO  no build target: using presentation compiler with only scala-library: 2.12.14[0m
[0m2021.07.18 17:46:22 INFO  time: code lens generation in 14s[0m
[0m2021.07.18 17:46:22 INFO  time: code lens generation in 14s[0m
[0m2021.07.18 17:46:22 INFO  time: code lens generation in 14s[0m
[0m2021.07.18 17:46:22 INFO  time: code lens generation in 15s[0m
[0m2021.07.18 17:46:22 INFO  time: code lens generation in 15s[0m
[0m2021.07.18 17:46:23 INFO  time: code lens generation in 15s[0m
[0m2021.07.18 17:46:23 INFO  time: code lens generation in 15s[0m
[0m2021.07.18 17:55:35 WARN  no build target for: C:\Users\yohan nayanjith\Desktop\CS-2020\2021_2nd_year_1st_sem\SCS2208-Rapid Application Development\Assignments\Recursive\question2\src\main\scala\Main.scala[0m
[0m2021.07.18 17:57:59 WARN  no build target for: C:\Users\yohan nayanjith\Desktop\CS-2020\2021_2nd_year_1st_sem\SCS2208-Rapid Application Development\Assignments\Recursive\question2\src\main\scala\Main.scala[0m
[0m2021.07.18 17:58:02 INFO  time: code lens generation in 2.88s[0m
[0m2021.07.18 17:59:27 WARN  no build target for: C:\Users\yohan nayanjith\Desktop\CS-2020\2021_2nd_year_1st_sem\SCS2208-Rapid Application Development\Assignments\Recursive\question2\src\main\scala\Main.scala[0m
[0m2021.07.18 18:21:31 WARN  no build target for: C:\Users\yohan nayanjith\Desktop\CS-2020\2021_2nd_year_1st_sem\SCS2208-Rapid Application Development\Assignments\Recursive\question2\src\main\scala\Main.scala[0m
[0m2021.07.18 18:27:44 WARN  no build target for: C:\Users\yohan nayanjith\Desktop\CS-2020\2021_2nd_year_1st_sem\SCS2208-Rapid Application Development\Assignments\Recursive\question2\src\main\scala\Main.scala[0m
Jul 18, 2021 6:29:53 PM org.eclipse.lsp4j.jsonrpc.RemoteEndpoint handleCancellation
WARNING: Unmatched cancel notification for request id 378
[0m2021.07.18 18:30:04 WARN  no build target for: C:\Users\yohan nayanjith\Desktop\CS-2020\2021_2nd_year_1st_sem\SCS2208-Rapid Application Development\Assignments\Recursive\question2\src\main\scala\Main.scala[0m
[0m2021.07.18 18:32:12 WARN  no build target for: C:\Users\yohan nayanjith\Desktop\CS-2020\2021_2nd_year_1st_sem\SCS2208-Rapid Application Development\Assignments\Recursive\question2\src\main\scala\Main.scala[0m
[0m2021.07.18 18:32:49 WARN  no build target for: C:\Users\yohan nayanjith\Desktop\CS-2020\2021_2nd_year_1st_sem\SCS2208-Rapid Application Development\Assignments\Recursive\question2\src\main\scala\Main.scala[0m
[0m2021.07.18 18:36:09 WARN  no build target for: C:\Users\yohan nayanjith\Desktop\CS-2020\2021_2nd_year_1st_sem\SCS2208-Rapid Application Development\Assignments\Recursive\question2\src\main\scala\Main.scala[0m
[0m2021.07.18 18:36:54 WARN  no build target for: C:\Users\yohan nayanjith\Desktop\CS-2020\2021_2nd_year_1st_sem\SCS2208-Rapid Application Development\Assignments\Recursive\question2\src\main\scala\Main.scala[0m
[0m2021.07.18 18:38:00 WARN  no build target for: C:\Users\yohan nayanjith\Desktop\CS-2020\2021_2nd_year_1st_sem\SCS2208-Rapid Application Development\Assignments\Recursive\question2\src\main\scala\Main.scala[0m
[0m2021.07.18 18:39:19 WARN  no build target for: C:\Users\yohan nayanjith\Desktop\CS-2020\2021_2nd_year_1st_sem\SCS2208-Rapid Application Development\Assignments\Recursive\question2\src\main\scala\Main.scala[0m
[0m2021.07.18 18:40:50 WARN  no build target for: C:\Users\yohan nayanjith\Desktop\CS-2020\2021_2nd_year_1st_sem\SCS2208-Rapid Application Development\Assignments\Recursive\question2\src\main\scala\Main.scala[0m
[0m2021.07.18 18:43:58 WARN  no build target for: C:\Users\yohan nayanjith\Desktop\CS-2020\2021_2nd_year_1st_sem\SCS2208-Rapid Application Development\Assignments\Recursive\question2\src\main\scala\Main.scala[0m
[0m2021.07.18 18:45:05 WARN  no build target for: C:\Users\yohan nayanjith\Desktop\CS-2020\2021_2nd_year_1st_sem\SCS2208-Rapid Application Development\Assignments\Recursive\question2\src\main\scala\Main.scala[0m
[0m2021.07.18 18:48:58 WARN  no build target for: C:\Users\yohan nayanjith\Desktop\CS-2020\2021_2nd_year_1st_sem\SCS2208-Rapid Application Development\Assignments\Recursive\question2\src\main\scala\Main.scala[0m
[0m2021.07.18 18:51:29 INFO  shutting down Metals[0m
