[0m2021.07.18 17:29:12 INFO  Started: Metals version 0.10.5 in workspace 'C:\Users\yohan nayanjith\Desktop\CS-2020\2021_2nd_year_1st_sem\SCS2208-Rapid Application Development\Assignments\Recursive\question1' for client Visual Studio Code 1.58.1.[0m
[0m2021.07.18 17:29:20 INFO  time: initialize in 7.76s[0m
[0m2021.07.18 17:29:23 WARN  Build server is not auto-connectable.[0m
[0m2021.07.18 17:29:23 WARN  no build target for: C:\Users\yohan nayanjith\Desktop\CS-2020\2021_2nd_year_1st_sem\SCS2208-Rapid Application Development\Assignments\Recursive\question1\src\main\scala\Main.scala[0m
[0m2021.07.18 17:29:38 INFO  no build target: using presentation compiler with only scala-library: 2.12.14[0m
[0m2021.07.18 17:29:43 INFO  time: code lens generation in 18s[0m
Jul 18, 2021 5:30:02 PM org.eclipse.lsp4j.jsonrpc.RemoteEndpoint fallbackResponseError
SEVERE: Internal error: java.lang.InterruptedException
java.util.concurrent.CompletionException: java.lang.InterruptedException
	at java.base/java.util.concurrent.CompletableFuture.encodeThrowable(CompletableFuture.java:314)
	at java.base/java.util.concurrent.CompletableFuture.completeThrowable(CompletableFuture.java:319)
	at java.base/java.util.concurrent.CompletableFuture$UniAccept.tryFire(CompletableFuture.java:718)
	at java.base/java.util.concurrent.CompletableFuture.postComplete(CompletableFuture.java:506)
	at java.base/java.util.concurrent.CompletableFuture.complete(CompletableFuture.java:2073)
	at scala.meta.internal.metals.CancelTokens$.$anonfun$future$1(CancelTokens.scala:42)
	at scala.meta.internal.metals.CancelTokens$.$anonfun$future$1$adapted(CancelTokens.scala:38)
	at scala.concurrent.impl.CallbackRunnable.run(Promise.scala:64)
	at java.base/java.util.concurrent.ThreadPoolExecutor.runWorker(ThreadPoolExecutor.java:1128)
	at java.base/java.util.concurrent.ThreadPoolExecutor$Worker.run(ThreadPoolExecutor.java:628)
	at java.base/java.lang.Thread.run(Thread.java:829)
Caused by: java.lang.InterruptedException
	at scala.meta.internal.metals.FutureCancelToken.checkCanceled(FutureCancelToken.scala:29)
	at scala.meta.pc.VirtualFileParams.checkCanceled(VirtualFileParams.java:25)
	at scala.meta.internal.pc.CompletionProvider.$anonfun$completions$1(CompletionProvider.scala:77)
	at scala.collection.Iterator$$anon$10.next(Iterator.scala:461)
	at scala.collection.Iterator.toStream(Iterator.scala:1417)
	at scala.collection.Iterator.toStream$(Iterator.scala:1416)
	at scala.collection.AbstractIterator.toStream(Iterator.scala:1431)
	at scala.collection.Iterator.$anonfun$toStream$1(Iterator.scala:1417)
	at scala.collection.immutable.Stream$Cons.tail(Stream.scala:1173)
	at scala.collection.immutable.Stream$Cons.tail(Stream.scala:1163)
	at scala.collection.immutable.StreamIterator.$anonfun$next$1(Stream.scala:1061)
	at scala.collection.immutable.StreamIterator$LazyCell.v$lzycompute(Stream.scala:1050)
	at scala.collection.immutable.StreamIterator$LazyCell.v(Stream.scala:1050)
	at scala.collection.immutable.StreamIterator.hasNext(Stream.scala:1055)
	at scala.collection.convert.Wrappers$IteratorWrapper.hasNext(Wrappers.scala:32)
	at org.eclipse.lsp4j.jsonrpc.json.adapters.CollectionTypeAdapter.write(CollectionTypeAdapter.java:134)
	at org.eclipse.lsp4j.jsonrpc.json.adapters.CollectionTypeAdapter.write(CollectionTypeAdapter.java:40)
	at com.google.gson.internal.bind.TypeAdapterRuntimeTypeWrapper.write(TypeAdapterRuntimeTypeWrapper.java:69)
	at com.google.gson.internal.bind.ReflectiveTypeAdapterFactory$1.write(ReflectiveTypeAdapterFactory.java:127)
	at com.google.gson.internal.bind.ReflectiveTypeAdapterFactory$Adapter.write(ReflectiveTypeAdapterFactory.java:245)
	at com.google.gson.Gson.toJson(Gson.java:704)
	at org.eclipse.lsp4j.jsonrpc.json.adapters.MessageTypeAdapter.write(MessageTypeAdapter.java:423)
	at org.eclipse.lsp4j.jsonrpc.json.adapters.MessageTypeAdapter.write(MessageTypeAdapter.java:55)
	at com.google.gson.Gson.toJson(Gson.java:704)
	at com.google.gson.Gson.toJson(Gson.java:683)
	at org.eclipse.lsp4j.jsonrpc.json.MessageJsonHandler.serialize(MessageJsonHandler.java:145)
	at org.eclipse.lsp4j.jsonrpc.json.MessageJsonHandler.serialize(MessageJsonHandler.java:140)
	at org.eclipse.lsp4j.jsonrpc.json.StreamMessageConsumer.consume(StreamMessageConsumer.java:59)
	at org.eclipse.lsp4j.jsonrpc.RemoteEndpoint.lambda$handleRequest$1(RemoteEndpoint.java:281)
	at java.base/java.util.concurrent.CompletableFuture$UniAccept.tryFire(CompletableFuture.java:714)
	... 8 more

[0m2021.07.18 17:34:16 WARN  no build target for: C:\Users\yohan nayanjith\Desktop\CS-2020\2021_2nd_year_1st_sem\SCS2208-Rapid Application Development\Assignments\Recursive\question1\src\main\scala\Main.scala[0m
[0m2021.07.18 17:37:29 WARN  no build target for: C:\Users\yohan nayanjith\Desktop\CS-2020\2021_2nd_year_1st_sem\SCS2208-Rapid Application Development\Assignments\Recursive\question1\src\main\scala\Main.scala[0m
Jul 18, 2021 5:38:39 PM scala.meta.internal.pc.CompletionProvider expected$1
WARNING: null
Jul 18, 2021 5:38:40 PM scala.meta.internal.pc.CompletionProvider expected$1
WARNING: null
[0m2021.07.18 17:38:44 WARN  no build target for: C:\Users\yohan nayanjith\Desktop\CS-2020\2021_2nd_year_1st_sem\SCS2208-Rapid Application Development\Assignments\Recursive\question1\src\main\scala\Main.scala[0m
[0m2021.07.18 17:40:15 WARN  no build target for: C:\Users\yohan nayanjith\Desktop\CS-2020\2021_2nd_year_1st_sem\SCS2208-Rapid Application Development\Assignments\Recursive\question1\src\main\scala\Main.scala[0m
[0m2021.07.18 17:41:13 WARN  no build target for: C:\Users\yohan nayanjith\Desktop\CS-2020\2021_2nd_year_1st_sem\SCS2208-Rapid Application Development\Assignments\Recursive\question1\src\main\scala\Main.scala[0m
[0m2021.07.18 17:44:07 INFO  shutting down Metals[0m
[0m2021.07.18 17:44:07 ERROR Unexpected error initializing server
org.eclipse.lsp4j.jsonrpc.ResponseErrorException: Request window/showMessageRequest failed with message: Canceled
	at org.eclipse.lsp4j.jsonrpc.RemoteEndpoint.handleResponse(RemoteEndpoint.java:209)
	at org.eclipse.lsp4j.jsonrpc.RemoteEndpoint.consume(RemoteEndpoint.java:193)
	at org.eclipse.lsp4j.jsonrpc.json.StreamMessageProducer.handleMessage(StreamMessageProducer.java:194)
	at org.eclipse.lsp4j.jsonrpc.json.StreamMessageProducer.listen(StreamMessageProducer.java:94)
	at org.eclipse.lsp4j.jsonrpc.json.ConcurrentMessageProcessor.run(ConcurrentMessageProcessor.java:113)
	at java.util.concurrent.Executors$RunnableAdapter.call(Executors.java:515)
	at java.util.concurrent.FutureTask.run(FutureTask.java:264)
	at java.util.concurrent.ThreadPoolExecutor.runWorker(ThreadPoolExecutor.java:1128)
	at java.util.concurrent.ThreadPoolExecutor$Worker.run(ThreadPoolExecutor.java:628)
	at java.lang.Thread.run(Thread.java:829)
[0m
